
> fyp@1.0.0 start /opt/bitnami/apache2/htdocs/apis/FYP-Blockchain-And-Health/NodeApis
> nodemon index.js

[33m[nodemon] 2.0.2[39m
[33m[nodemon] to restart at any time, enter `rs`[39m
[33m[nodemon] watching dir(s): *.*[39m
[33m[nodemon] watching extensions: js,mjs,json[39m
[32m[nodemon] starting `node index.js`[39m

> fyp@1.0.0 start /opt/bitnami/apache2/htdocs/apis/FYP-Blockchain-And-Health/NodeApis
> nodemon index.js

[33m[nodemon] 2.0.2[39m
[33m[nodemon] to restart at any time, enter `rs`[39m
[33m[nodemon] watching dir(s): *.*[39m
[33m[nodemon] watching extensions: js,mjs,json[39m
[32m[nodemon] starting `node index.js`[39m

> fyp@1.0.0 start /opt/bitnami/apache2/htdocs/apis/FYP-Blockchain-And-Health/NodeApis
> nodemon index.js

[33m[nodemon] 2.0.2[39m
[33m[nodemon] to restart at any time, enter `rs`[39m
[33m[nodemon] watching dir(s): *.*[39m
[33m[nodemon] watching extensions: js,mjs,json[39m
[32m[nodemon] starting `node index.js`[39m
